0
0.00473771
0.0027371
0.00938774
0.00944584
0.00934767
0.00790851
0.00686068
0.00694498
0.00621305
0.00606428
0.00560482
0.00535278
0.0050789
0.0047821
0.00452733
0.00458043
0.00472893
0.00463026
0.00450274
0.00455451
0.00462561
0.0044963
0.00437769
0.00459116
0.00441874
0.00426523
0.00411695
0.00399029
0.00395695
0.00401808
0.0043244
0.00436966
0.00458023
0.00515818
0.005521
0.00560566
0.00565681
0.00580713
0.00580022
0.00580686
0.00586157
0.00588396
0.00596334
0.00592171
0.0058911
0.00597785
0.0060734
0.0063088
0.00644037
0.00663285
0.00675394
0.00670025
0.0067382
0.00676194
0.00669585
0.00658719
0.00648245
0.00637915
0.00627972
0.00617592
0.00608306
0.00599473
0.00590755
0.00581653
0.00573268
0.00565014
0.00556648
0.00548638
0.00540785
0.00535919
0.00529635
0.0052233
0.00515386
0.00508709
0.00503505
0.0049694
0.00490809
0.00487699
0.00487086
0.00484637
0.004843
0.00487904
0.00488873
0.00486089
0.00484536
0.00483658
0.0048145
0.00478736
0.0047592
0.00472888
0.00471409
0.00469477
0.00467054
0.00463602
0.00461834
0.00459749
0.00458382
0.00455079
0.00450641
