-0.29855
-0.293802
-0.293697
-0.302886
-0.308922
-0.31421
-0.313846
-0.314244
-0.317651
-0.317777
-0.315497
-0.316371
-0.31493
-0.313815
-0.313097
-0.312398
-0.310694
-0.308765
-0.307567
-0.306577
-0.305027
-0.303433
-0.302607
-0.301812
-0.299956
-0.299696
-0.300033
-0.300271
-0.300647
-0.301539
-0.302763
-0.30465
-0.305885
-0.307619
-0.31023
-0.312542
-0.314149
-0.31564
-0.317472
-0.318737
-0.320046
-0.321542
-0.322905
-0.324489
-0.32553
-0.326608
-0.32819
-0.329814
-0.331915
-0.333723
-0.335757
-0.337577
-0.338576
-0.34005
-0.341454
-0.342316
-0.342677
-0.343034
-0.343345
-0.343033
-0.343036
-0.343341
-0.34367
-0.343964
-0.344046
-0.344287
-0.344492
-0.344517
-0.344405
-0.344473
-0.343927
-0.34357
-0.343573
-0.343705
-0.343549
-0.343158
-0.343117
-0.343285
-0.343838
-0.34457
-0.345161
-0.345896
-0.346854
-0.347667
-0.348207
-0.348839
-0.349514
-0.350079
-0.35059
-0.351081
-0.35154
-0.352129
-0.352674
-0.353166
-0.353538
-0.354071
-0.354569
-0.355123
-0.355473
-0.355363
