1.19164
1.18848
1.18842
1.19454
1.19856
1.20208
1.20184
1.20211
1.20438
1.20447
1.20295
1.20353
1.20257
1.20183
1.20135
1.20089
1.19975
1.19847
1.19767
1.19701
1.19598
1.19492
1.19437
1.19384
1.1926
1.19242
1.19265
1.19281
1.19306
1.19365
1.19447
1.19573
1.19655
1.19771
1.19945
1.20099
1.20207
1.20306
1.20428
1.20513
1.206
1.207
1.20791
1.20897
1.20966
1.21038
1.21144
1.21252
1.21392
1.21513
1.21648
1.2177
1.21836
1.21935
1.22028
1.22086
1.2211
1.22134
1.22154
1.22133
1.22133
1.22154
1.22176
1.22195
1.222
1.22216
1.2223
1.22232
1.22224
1.22228
1.22192
1.22168
1.22168
1.22177
1.22166
1.2214
1.22137
1.22149
1.22185
1.22234
1.22273
1.22322
1.22386
1.2244
1.22476
1.22518
1.22563
1.22601
1.22635
1.22668
1.22698
1.22738
1.22774
1.22807
1.22831
1.22867
1.229
1.22937
1.2296
1.22953
