1.48891
1.48892
1.48893
1.48893
1.48892
1.48891
1.48892
1.48892
1.48892
1.48892
1.48892
1.48892
1.48893
1.48893
1.48893
1.48893
1.48893
1.48894
1.48894
1.48894
1.48894
1.48894
1.48894
1.48894
1.48894
1.48894
1.48894
1.48894
1.48894
1.48894
1.48894
1.48894
1.48894
1.48894
1.48894
1.48895
1.48895
1.48895
1.48895
1.48896
1.48896
1.48896
1.48896
1.48896
1.48896
1.48896
1.48896
1.48897
1.48897
1.48897
1.48897
1.48897
1.48897
1.48897
1.48897
1.48897
1.48897
1.48897
1.48897
1.48897
1.48897
1.48896
1.48896
1.48896
1.48896
1.48896
1.48896
1.48896
1.48895
1.48895
1.48895
1.48895
1.48895
1.48895
1.48895
1.48895
1.48894
1.48894
1.48894
1.48894
1.48894
1.48894
1.48894
1.48894
1.48894
1.48894
1.48894
1.48894
1.48894
1.48894
1.48893
1.48893
1.48893
1.48893
1.48893
1.48893
1.48893
1.48893
1.48893
1.48893
