0
0.00474786
0.0027432
0.00939207
0.00945281
0.00935566
0.00791532
0.00686638
0.00694862
0.0062163
0.00606759
0.00560758
0.00535589
0.00508226
0.00478551
0.00453074
0.00458415
0.00473303
0.00463448
0.00450689
0.00455847
0.00462935
0.00449988
0.00438102
0.00459389
0.00442133
0.00426773
0.00411936
0.00399258
0.003959
0.0040198
0.00432582
0.00437082
0.00458098
0.00515806
0.00552007
0.00560419
0.00565478
0.00580454
0.00579733
0.00580365
0.00585812
0.00588028
0.00595948
0.00591784
0.00588724
0.00597397
0.00606951
0.00630486
0.00643639
0.00662886
0.00675002
0.00669639
0.00673449
0.00675834
0.00669236
0.0065838
0.00647914
0.00637595
0.00627651
0.00617276
0.00608001
0.00599179
0.00590473
0.00581377
0.00573003
0.00564759
0.00556398
0.00548388
0.0054054
0.00535667
0.0052938
0.00522078
0.00515142
0.00508463
0.00503252
0.0049669
0.00490566
0.00487469
0.00486871
0.00484435
0.00484113
0.00487731
0.00488714
0.00485939
0.00484396
0.00483531
0.00481333
0.00478628
0.0047582
0.00472795
0.00471324
0.00469398
0.0046698
0.00463531
0.00461768
0.00459689
0.00458324
0.00455022
0.00450584
