0
1.01538e-05
8.60299e-06
7.02555e-06
8.77627e-06
9.23513e-06
7.90721e-06
7.56063e-06
6.83639e-06
6.11521e-06
5.74585e-06
5.43604e-06
5.58004e-06
5.74188e-06
5.72995e-06
5.64412e-06
5.66243e-06
5.7762e-06
5.76776e-06
5.57997e-06
5.35739e-06
5.14102e-06
4.92525e-06
4.72198e-06
4.55387e-06
4.40584e-06
4.24968e-06
4.09523e-06
3.95553e-06
3.85427e-06
3.76685e-06
3.65167e-06
3.58153e-06
3.56064e-06
3.76185e-06
4.1576e-06
4.55396e-06
5.06107e-06
5.42918e-06
5.64338e-06
5.87134e-06
5.96497e-06
6.08599e-06
6.12529e-06
6.05548e-06
5.96478e-06
5.9075e-06
5.84573e-06
5.82203e-06
5.78987e-06
5.74272e-06
5.66136e-06
5.56371e-06
5.4606e-06
5.36373e-06
5.27135e-06
5.2105e-06
5.12709e-06
5.1e-06
5.15116e-06
5.14018e-06
5.15048e-06
5.19029e-06
5.2616e-06
5.38864e-06
5.51491e-06
5.68272e-06
5.80986e-06
5.88377e-06
5.91761e-06
5.94797e-06
5.97455e-06
6.0507e-06
6.19102e-06
6.35235e-06
6.42088e-06
6.43504e-06
6.43337e-06
6.40179e-06
6.3579e-06
6.31486e-06
6.274e-06
6.21058e-06
6.16372e-06
6.11395e-06
6.07232e-06
6.03772e-06
6.01054e-06
5.97618e-06
5.93811e-06
5.89643e-06
5.85269e-06
5.80203e-06
5.75307e-06
5.70058e-06
5.65189e-06
5.60662e-06
5.55e-06
5.49367e-06
5.43861e-06
