0
0.00315847
0.00182474
0.00625849
0.00629723
0.00623178
0.00527234
0.00457379
0.00462999
0.00414203
0.00404286
0.00373655
0.00356852
0.00338593
0.00318807
0.00301822
0.00305362
0.00315262
0.00308684
0.00300182
0.00303634
0.00308374
0.00299753
0.00291846
0.00306078
0.00294583
0.00284349
0.00274463
0.00266019
0.00263797
0.00267872
0.00288293
0.0029131
0.00305348
0.00343879
0.00368067
0.00373711
0.00377121
0.00387142
0.00386681
0.00387124
0.00390772
0.00392264
0.00397556
0.00394781
0.0039274
0.00398523
0.00404893
0.00420587
0.00429358
0.0044219
0.00450263
0.00446683
0.00449213
0.00450796
0.0044639
0.00439146
0.00432163
0.00425277
0.00418648
0.00411728
0.00405537
0.00399648
0.00393837
0.00387769
0.00382179
0.00376676
0.00371099
0.00365758
0.00360523
0.00357279
0.0035309
0.0034822
0.0034359
0.0033914
0.0033567
0.00331294
0.00327206
0.00325133
0.00324724
0.00323091
0.00322867
0.00325269
0.00325916
0.00324059
0.00323024
0.00322439
0.00320967
0.00319157
0.0031728
0.00315259
0.00314273
0.00312985
0.00311369
0.00309068
0.00307889
0.003065
0.00305588
0.00303386
0.00300427
