1.78746
1.78273
1.78263
1.79181
1.79784
1.80312
1.80276
1.80316
1.80657
1.8067
1.80442
1.8053
1.80386
1.80274
1.80203
1.80133
1.79963
1.7977
1.79651
1.79552
1.79397
1.79237
1.79155
1.79075
1.7889
1.78864
1.78897
1.78921
1.78959
1.79048
1.7917
1.79359
1.79483
1.79656
1.79917
1.80149
1.8031
1.80459
1.80643
1.80769
1.809
1.8105
1.81187
1.81345
1.81449
1.81557
1.81715
1.81878
1.82088
1.82269
1.82473
1.82655
1.82755
1.82902
1.83042
1.83129
1.83165
1.832
1.83231
1.832
1.832
1.83231
1.83263
1.83293
1.83301
1.83325
1.83345
1.83347
1.83336
1.83343
1.83288
1.83252
1.83252
1.83265
1.8325
1.8321
1.83206
1.83223
1.83278
1.83351
1.8341
1.83484
1.83579
1.83661
1.83715
1.83778
1.83845
1.83902
1.83953
1.84002
1.84048
1.84106
1.84161
1.8421
1.84247
1.843
1.8435
1.84406
1.84441
1.8443
