-6.67094
-6.60181
-6.60947
-6.63104
-6.63112
-6.64068
-6.63371
-6.63174
-6.62303
-6.63281
-6.63681
-6.64165
-6.63592
-6.63397
-6.63796
-6.63416
-6.63415
-6.63493
-6.63962
-6.63956
-6.64134
-6.63816
-6.63711
-6.63842
-6.63949
-6.63936
-6.64008
-6.6407
-6.63884
-6.64123
-6.63846
-6.6395
-6.64068
-6.64077
-6.6428
-6.64146
-6.64014
-6.64073
-6.64015
-6.64237
-6.64157
-6.64073
-6.64049
-6.63938
-6.63985
-6.64045
-6.63888
-6.63928
-6.64135
-6.64023
-6.63986
-6.63825
-6.63977
-6.64088
-6.64028
-6.64182
-6.64147
-6.6404
-6.64125
-6.63971
-6.63943
-6.64048
-6.64225
-6.6424
-6.6413
-6.6398
-6.63998
-6.64001
-6.64035
-6.64082
-6.64027
-6.63968
-6.64132
-6.64189
-6.64133
-6.64174
-6.64082
-6.63952
-6.63955
-6.64091
-6.64133
-6.64106
-6.64039
-6.64083
-6.6405
-6.6404
-6.64007
-6.64089
-6.6404
-6.64114
-6.64014
-6.64072
-6.64157
-6.64129
-6.64101
-6.64112
-6.64097
-6.64064
-6.64049
-6.6406
