0
0.0691317
0.0406414
0.0359331
0.0278338
0.0246528
0.02197
0.0191282
0.0189873
0.0195985
0.0181734
0.017282
0.0168984
0.0157656
0.0152087
0.0147254
0.0138321
0.0130647
0.0132163
0.0125382
0.0120585
0.0119298
0.0114473
0.0110381
0.0106407
0.010224
0.00986386
0.00952533
0.00937614
0.00936714
0.00947308
0.00923119
0.00902401
0.00875505
0.00874097
0.00859984
0.00846781
0.00826293
0.00806925
0.00817207
0.00800995
0.00786217
0.00768083
0.00758595
0.00743022
0.0072919
0.00730603
0.00716307
0.00731513
0.00725481
0.00712068
0.00716559
0.00719219
0.00714463
0.00703956
0.00708369
0.00696707
0.00692916
0.00686332
0.0069225
0.0068136
0.0067845
0.00690634
0.00679923
0.00678371
0.00684748
0.00674704
0.00664713
0.00655908
0.00648168
0.00641341
0.00635126
0.00647639
0.00641311
0.00635175
0.00628098
0.00626553
0.00632045
0.00623998
0.00631136
0.00624652
0.00617538
0.00613792
0.00608082
0.00601816
0.00594856
0.00588908
0.00587902
0.00583336
0.00581558
0.00583692
0.00580164
0.00580186
0.00574663
0.00569301
0.00563452
0.00557816
0.0055308
0.00547654
0.00542252
