0.836244
0.790029
0.794798
0.809097
0.808805
0.814885
0.809999
0.808593
0.802778
0.80929
0.81192
0.814984
0.811059
0.809689
0.812438
0.809892
0.809783
0.810255
0.813241
0.813303
0.814482
0.81233
0.811648
0.812511
0.81326
0.813201
0.813693
0.814129
0.812896
0.814508
0.812661
0.813296
0.814052
0.814124
0.815485
0.814681
0.813819
0.814197
0.813815
0.815249
0.814731
0.814169
0.813989
0.813266
0.813539
0.813885
0.812845
0.813133
0.814491
0.813743
0.813513
0.812421
0.813412
0.814118
0.813716
0.814711
0.814476
0.813739
0.814315
0.813308
0.813119
0.813808
0.815004
0.815127
0.814406
0.813421
0.813559
0.813579
0.813816
0.814132
0.81378
0.813376
0.814415
0.814741
0.81434
0.814579
0.814002
0.813133
0.813152
0.814049
0.814315
0.814125
0.813687
0.813984
0.813751
0.813706
0.813503
0.814057
0.813738
0.814223
0.81356
0.81394
0.814483
0.814313
0.814112
0.814204
0.814113
0.813873
0.813761
0.813826
