0
0.000190889
0.000517791
0.000386414
0.000600906
0.000654921
0.000660355
0.000588914
0.000519439
0.000464803
0.000424029
0.00045847
0.000450323
0.000430597
0.00042385
0.000396942
0.000402108
0.000387003
0.00042014
0.000425223
0.000404665
0.000388469
0.00037204
0.000356572
0.000347062
0.000335376
0.000323774
0.000313569
0.000302599
0.000294122
0.000284488
0.000289345
0.00028372
0.000275815
0.00026795
0.000292783
0.00028612
0.000279238
0.000272104
0.000273882
0.000267833
0.000261379
0.000257257
0.000252671
0.000254065
0.000262446
0.000257088
0.000254515
0.000251824
0.00024674
0.000242926
0.000239762
0.00023822
0.000239476
0.0002351
0.000237235
0.000233059
0.000231654
0.000228301
0.000227022
0.000223477
0.000220389
0.000218302
0.00021759
0.000214994
0.000213433
0.000211356
0.000208311
0.000205567
0.000202687
0.000201005
0.000198741
0.000214665
0.000224376
0.000225316
0.000228137
0.000229745
0.000226782
0.000223925
0.000222105
0.000219776
0.000218328
0.000216517
0.000213924
0.000211938
0.000211385
0.000210691
0.000208678
0.000206687
0.000204806
0.000202548
0.000200367
0.000201815
0.00020119
0.000199698
0.000199295
0.000197682
0.000197922
0.000197304
0.000195486
