-5.41658
-5.41677
-5.41727
-5.4174
-5.41792
-5.41835
-5.41871
-5.41885
-5.41886
-5.41887
-5.41893
-5.41917
-5.41933
-5.41944
-5.4193
-5.41932
-5.41947
-5.41955
-5.41976
-5.41961
-5.41962
-5.41967
-5.41964
-5.41966
-5.4196
-5.41956
-5.41954
-5.4195
-5.4195
-5.41947
-5.41947
-5.41956
-5.4196
-5.41958
-5.41958
-5.41944
-5.41941
-5.41943
-5.41943
-5.41949
-5.41947
-5.41948
-5.41951
-5.41948
-5.41954
-5.41963
-5.41961
-5.41958
-5.41961
-5.41961
-5.41959
-5.41961
-5.41965
-5.4197
-5.4197
-5.41976
-5.41976
-5.41979
-5.41978
-5.41974
-5.41975
-5.41977
-5.41974
-5.41971
-5.41969
-5.41966
-5.41964
-5.41964
-5.41963
-5.41962
-5.4196
-5.41961
-5.4197
-5.41977
-5.41982
-5.41987
-5.41982
-5.41982
-5.41982
-5.41984
-5.41985
-5.41988
-5.41986
-5.41986
-5.41987
-5.41985
-5.41982
-5.41981
-5.41979
-5.41981
-5.4198
-5.41981
-5.41985
-5.41982
-5.41984
-5.41981
-5.4198
-5.41983
-5.41985
-5.41986
