0
0.0693226
0.0406576
0.0358682
0.0277868
0.0244524
0.0219272
0.0191064
0.018974
0.0195813
0.0181461
0.0171908
0.016874
0.0157568
0.0152375
0.0147564
0.0138622
0.0130886
0.0131658
0.0124906
0.0120118
0.0118991
0.0114158
0.0110063
0.0106164
0.0102003
0.00984298
0.00950737
0.00935822
0.00935871
0.00946606
0.00921486
0.0090028
0.00873468
0.00872369
0.00856337
0.00842845
0.00822329
0.00803015
0.00811702
0.0079546
0.00780853
0.00762955
0.00753262
0.00737466
0.0072312
0.00724541
0.00710603
0.00725144
0.00719295
0.00705897
0.00711286
0.00713367
0.00707995
0.00697606
0.00701102
0.00689594
0.00686566
0.00680348
0.00685759
0.00675022
0.00672051
0.006852
0.00674661
0.00672963
0.0067896
0.0066907
0.00659164
0.00650507
0.00642901
0.00635982
0.00630005
0.0064057
0.00633748
0.00628131
0.00620847
0.00618818
0.0062459
0.0061664
0.00623588
0.00617124
0.00610213
0.00606391
0.00600787
0.00594706
0.0058779
0.00581787
0.00581114
0.00576546
0.0057473
0.00577016
0.00573557
0.0057317
0.00567613
0.00562418
0.005567
0.00551102
0.00546636
0.00541345
0.00535993
