1.25437
1.18504
1.1922
1.21364
1.21321
1.22233
1.215
1.21289
1.20417
1.21393
1.21788
1.22248
1.21659
1.21453
1.21866
1.21484
1.21467
1.21538
1.21986
1.21995
1.22172
1.21849
1.21747
1.21877
1.21989
1.2198
1.22054
1.22119
1.21934
1.22176
1.21899
1.21994
1.22108
1.22119
1.22323
1.22202
1.22073
1.2213
1.22072
1.22287
1.2221
1.22125
1.22098
1.2199
1.22031
1.22083
1.21927
1.2197
1.22174
1.22062
1.22027
1.21863
1.22012
1.22118
1.22057
1.22207
1.22171
1.22061
1.22147
1.21996
1.21968
1.22071
1.22251
1.22269
1.22161
1.22013
1.22034
1.22037
1.22072
1.2212
1.22067
1.22006
1.22162
1.22211
1.22151
1.22187
1.221
1.2197
1.21973
1.22107
1.22147
1.22119
1.22053
1.22098
1.22063
1.22056
1.22025
1.22109
1.22061
1.22133
1.22034
1.22091
1.22172
1.22147
1.22117
1.22131
1.22117
1.22081
1.22064
1.22074
