0
0.046215
0.0271051
0.0239121
0.0185246
0.0163016
0.0146181
0.0127376
0.0126493
0.0130542
0.0120974
0.0114606
0.0112493
0.0105045
0.0101583
0.00983758
0.00924144
0.00872571
0.00877723
0.00832704
0.00800785
0.0079327
0.00761054
0.0073375
0.0070776
0.00680019
0.00656199
0.00633824
0.00623882
0.00623914
0.00631071
0.00614324
0.00600187
0.00582312
0.0058158
0.00570891
0.00561897
0.00548219
0.00535343
0.00541135
0.00530307
0.00520569
0.00508637
0.00502175
0.00491644
0.0048208
0.00483028
0.00473735
0.00483429
0.0047953
0.00470598
0.00474191
0.00475578
0.00471997
0.00465071
0.00467401
0.00459729
0.00457711
0.00453566
0.00457173
0.00450015
0.00448034
0.004568
0.00449774
0.00448642
0.0045264
0.00446046
0.00439443
0.00433671
0.00428601
0.00423988
0.00420003
0.00427047
0.00422499
0.00418754
0.00413898
0.00412545
0.00416393
0.00411093
0.00415725
0.00411416
0.00406809
0.00404261
0.00400525
0.00396471
0.0039186
0.00387858
0.00387409
0.00384364
0.00383153
0.00384677
0.00382371
0.00382113
0.00378409
0.00374945
0.00371134
0.00367401
0.00364424
0.00360897
0.00357328
