0
0.0166377
0.0871081
0.0741869
0.0687062
0.0592669
0.0535151
0.0544338
0.0500257
0.068848
0.0723837
0.0889345
0.082051
0.0794273
0.0741292
0.0705915
0.072581
0.0684362
0.0650876
0.0617827
0.061579
0.0647326
0.0628468
0.0689857
0.0673758
0.064739
0.0623154
0.0604232
0.0590578
0.0575353
0.0557257
0.0542364
0.0525681
0.0510638
0.0496725
0.0485577
0.047304
0.0461159
0.0449196
0.0452101
0.0452609
0.0461781
0.0461191
0.0452565
0.0446363
0.0445787
0.043689
0.0427729
0.0420527
0.041409
0.0413651
0.0410142
0.0405073
0.0399171
0.0392795
0.0387459
0.0396772
0.0415965
0.0409238
0.0402704
0.0398251
0.0392516
0.0389894
0.0385215
0.0379279
0.0374149
0.0370347
0.0366463
0.0368968
0.0366883
0.0366373
0.0365222
0.0360265
0.0356161
0.03515
0.0349796
0.0346792
0.0346018
0.0341937
0.0337877
0.0334759
0.0331401
0.0330853
0.0328029
0.0332088
0.033066
0.0326913
0.0323241
0.0324043
0.0324664
0.0321818
0.0318302
0.0314884
0.0311616
0.0308553
0.0308111
0.0305196
0.0302556
0.029962
0.029708
