0
0.00522505
0.0323678
0.0233101
0.0181033
0.0152672
0.0129535
0.0150818
0.0144853
0.0169455
0.0171184
0.0223257
0.020548
0.0198681
0.0185278
0.0175695
0.0191135
0.018379
0.0175217
0.0167715
0.0169684
0.0174031
0.0167059
0.0178062
0.0173449
0.0166746
0.0160719
0.0157817
0.0155148
0.0151749
0.0147388
0.0144457
0.0140183
0.0136791
0.0132877
0.0130108
0.0126685
0.0123533
0.0120382
0.0119697
0.0117588
0.0116881
0.011509
0.0112504
0.0110495
0.0110261
0.0108099
0.0105832
0.0103894
0.0102207
0.0102377
0.0101032
0.00994821
0.00978083
0.00960737
0.0094434
0.00949746
0.00975733
0.00962391
0.00960406
0.00944602
0.00929499
0.00928149
0.00921554
0.00910928
0.00897183
0.00885942
0.00879126
0.00887683
0.008858
0.00878969
0.00868861
0.00860833
0.00850218
0.00838852
0.00831573
0.0082379
0.00825541
0.00815025
0.00804923
0.00799705
0.00792077
0.00791082
0.00782558
0.007865
0.00781433
0.00772825
0.00764051
0.00769961
0.00778557
0.0077001
0.00764051
0.00757009
0.00751665
0.00748176
0.00743229
0.00735899
0.00735999
0.00732196
0.00724915
