1.68639
1.6807
1.64835
1.65262
1.65394
1.64986
1.64886
1.63897
1.63349
1.64432
1.65191
1.63602
1.63549
1.64132
1.64262
1.63969
1.64932
1.65296
1.65506
1.65725
1.66303
1.66947
1.67099
1.67882
1.68185
1.68121
1.68022
1.67716
1.67422
1.67186
1.67053
1.66836
1.66773
1.66633
1.66682
1.6653
1.66475
1.66554
1.66595
1.66358
1.66219
1.66004
1.65858
1.65826
1.65724
1.65509
1.65442
1.6545
1.65517
1.6561
1.65402
1.65292
1.65208
1.65153
1.65122
1.65081
1.64876
1.64589
1.64666
1.64828
1.64814
1.64789
1.64943
1.65062
1.65142
1.65123
1.65055
1.65158
1.6535
1.65488
1.65388
1.65326
1.65407
1.65359
1.65346
1.65417
1.65486
1.65628
1.65629
1.65649
1.65741
1.65683
1.65565
1.65526
1.65384
1.65304
1.65328
1.65317
1.65465
1.65629
1.65618
1.6568
1.65727
1.6579
1.65871
1.65806
1.65828
1.65932
1.66002
1.6599
