0
0.000460024
0.00029666
0.000251426
0.000194882
0.000306776
0.000295069
0.000322194
0.000378462
0.000349925
0.000318514
0.000296409
0.000315026
0.000307548
0.000357537
0.000337178
0.00031696
0.000299832
0.000295809
0.000284276
0.000270425
0.000259754
0.000261702
0.000250601
0.000240371
0.000236311
0.000238083
0.000230618
0.000224564
0.000217401
0.000210745
0.000214231
0.000219235
0.00022529
0.000245087
0.000248983
0.000248007
0.00024495
0.000240843
0.000234748
0.000229999
0.000232555
0.000229325
0.000227445
0.000228861
0.000227114
0.00022225
0.000225288
0.000224994
0.000221241
0.000218146
0.000217468
0.000214493
0.000217422
0.000215269
0.000211713
0.000208506
0.000205895
0.000205185
0.000203425
0.00020128
0.000199969
0.000201972
0.000200242
0.000197802
0.000195697
0.00019704
0.000195701
0.000193875
0.00019116
0.000188541
0.000186098
0.000183814
0.000186668
0.000189968
0.000204432
0.000202973
0.000200517
0.000197965
0.000199124
0.000201823
0.000199638
0.00019829
0.000195919
0.000193982
0.000191774
0.000189787
0.000188639
0.000186582
0.000184581
0.000182921
0.000181129
0.000182046
0.000180133
0.000178495
0.000176768
0.000175469
0.000174729
0.000176313
0.000175222
