1.12426
1.12047
1.0989
1.10175
1.10263
1.09991
1.09924
1.09265
1.08899
1.09621
1.10127
1.09068
1.09033
1.09421
1.09508
1.09313
1.09955
1.10197
1.10337
1.10483
1.10869
1.11298
1.11399
1.11921
1.12123
1.12081
1.12014
1.11811
1.11615
1.11458
1.11369
1.11224
1.11182
1.11089
1.11121
1.1102
1.10983
1.11036
1.11063
1.10905
1.10813
1.10669
1.10572
1.1055
1.10483
1.10339
1.10295
1.103
1.10344
1.10407
1.10268
1.10195
1.10139
1.10102
1.10081
1.10054
1.09917
1.09726
1.09777
1.09885
1.09876
1.0986
1.09962
1.10041
1.10094
1.10082
1.10037
1.10105
1.10233
1.10325
1.10259
1.10217
1.10271
1.1024
1.10231
1.10278
1.10324
1.10419
1.1042
1.10433
1.10494
1.10455
1.10376
1.10351
1.10256
1.10203
1.10219
1.10211
1.1031
1.10419
1.10412
1.10454
1.10484
1.10527
1.10581
1.10538
1.10552
1.10622
1.10668
1.1066
