-5.0342
-5.02897
-4.99675
-5.00116
-5.00247
-4.99865
-4.99751
-4.98743
-4.98169
-4.99262
-5.00024
-4.98429
-4.98361
-4.98934
-4.99042
-4.98754
-4.99718
-5.00079
-5.00298
-5.00521
-5.01099
-5.0174
-5.019
-5.02683
-5.02985
-5.02927
-5.02834
-5.02531
-5.02234
-5.01997
-5.01862
-5.01638
-5.01569
-5.01422
-5.01459
-5.013
-5.0124
-5.01315
-5.01352
-5.01115
-5.00975
-5.00753
-5.00604
-5.00568
-5.00461
-5.00242
-5.00174
-5.00188
-5.00259
-5.00351
-5.0014
-5.00026
-4.9994
-4.9988
-4.99846
-4.99804
-4.996
-4.99316
-4.99396
-4.9956
-4.99549
-4.99527
-4.99685
-4.99806
-4.99887
-4.9987
-4.99807
-4.99912
-5.00106
-5.00245
-5.00144
-5.00083
-5.00165
-5.00122
-5.00113
-5.00193
-5.00264
-5.00406
-5.00408
-5.00423
-5.00511
-5.00452
-5.00336
-5.00297
-5.00153
-5.00073
-5.00099
-5.00089
-5.00238
-5.00401
-5.00392
-5.00453
-5.00496
-5.0056
-5.00642
-5.00576
-5.006
-5.00706
-5.00779
-5.00768
