0
0.00379005
0.0216834
0.0155957
0.0121122
0.0102574
0.00869471
0.010006
0.00955254
0.0111876
0.0113131
0.014793
0.0136121
0.0131877
0.0123075
0.0116768
0.0127088
0.012225
0.0116482
0.0111461
0.0112818
0.0115829
0.0111138
0.011852
0.0115457
0.0111007
0.0107023
0.0105126
0.0103313
0.0101037
0.00981262
0.00961109
0.0093246
0.00909401
0.00883619
0.0086466
0.00841753
0.00820994
0.00800126
0.00795687
0.00781526
0.00776147
0.00764032
0.00746784
0.00733135
0.00731216
0.00716881
0.00701807
0.00688778
0.00677738
0.00678697
0.00669534
0.00659166
0.00647875
0.00636327
0.0062544
0.00629429
0.00647381
0.00638365
0.00636845
0.00626386
0.0061642
0.00615107
0.00610589
0.00603482
0.00594403
0.00587176
0.00582511
0.00588062
0.0058685
0.00582327
0.0057569
0.00570338
0.00563473
0.00555982
0.0055069
0.00545436
0.00546615
0.00539652
0.0053302
0.00529949
0.00524858
0.00524473
0.00518833
0.00521394
0.00518033
0.00512309
0.00506512
0.00510469
0.00516372
0.00510713
0.00506825
0.00502289
0.0049874
0.00496383
0.00493077
0.00488188
0.00488121
0.004854
0.0048059
