0
0.264226
0.226822
0.171909
0.142059
0.122288
0.105763
0.0927348
0.0820935
0.0736343
0
0.15088
0.107731
0.0762896
0.0590958
0.050665
0.0428492
0.037987
0.0335015
0.0304527
0
0.000659211
0.00413847
0.016216
0.0185127
0.0180593
0.0154898
0.0155888
0.0138938
0.0127427
0
0.00435769
0.0456368
0.032527
0.0266672
0.0218411
0.0192098
0.0166699
0.0185236
0.0166554
0
0.0303163
0.0264844
0.0188894
0.0156025
0.0155485
0.020202
0.01878
0.0171971
0.0189929
0
0.0248457
0.0268926
0.0324684
0.0382899
0.0312887
0.0267106
0.0236751
0.0240932
0.0222371
0
0.0240088
0.0253308
0.031323
0.0243221
0.0198759
0.0168918
0.0146365
0.0132598
0.0119397
