0
0.25735
0.223181
0.169518
0.140247
0.1209
0.10463
0.091753
0.0812208
0.0728394
0
0.149746
0.10711
0.0758766
0.058784
0.0502865
0.0425216
0.0377533
0.0332952
0.0302621
0
0.000352381
0.00422024
0.0164837
0.0185001
0.0178332
0.0152333
0.0153329
0.013682
0.0125894
0
0.00497508
0.0457421
0.0326194
0.0268625
0.022007
0.0193512
0.0168
0.0186236
0.0167283
0
0.0304368
0.0261174
0.0186483
0.0153683
0.0155384
0.0202631
0.0187382
0.0170665
0.0187428
0
0.0253281
0.026975
0.0324024
0.0382301
0.0312474
0.0266517
0.0235982
0.0240314
0.0222179
0
0.0243253
0.0253687
0.0311585
0.0241814
0.0197576
0.0167986
0.0145554
0.0131658
0.01184
