0
0.171566
0.148787
0.113012
0.0934979
0.0806002
0.069753
0.0611687
0.0541472
0.0485596
0
0.0998307
0.0714066
0.0505844
0.0391893
0.0335243
0.0283477
0.0251688
0.0221968
0.0201748
0
0.000234921
0.00281349
0.0109891
0.0123334
0.0118888
0.0101555
0.010222
0.00912135
0.00839292
0
0.00331672
0.0304947
0.0217463
0.0179083
0.0146713
0.0129008
0.0112
0.0124157
0.0111522
0
0.0202912
0.0174116
0.0124322
0.0102456
0.0103589
0.0135087
0.0124921
0.0113777
0.0124952
0
0.0168854
0.0179833
0.0216016
0.0254867
0.0208316
0.0177678
0.0157321
0.0160209
0.0148119
0
0.0162169
0.0169125
0.0207723
0.0161209
0.0131717
0.0111991
0.00970357
0.00877721
0.00789334
