1.04573
0.874167
0.763144
0.721878
0.689033
0.663178
0.648171
0.638554
0.633887
0.630352
1.0179
0.918065
0.875912
0.872858
0.872128
0.882129
0.883035
0.877487
0.877486
0.881073
0.990588
0.990823
0.993633
0.982825
0.991751
0.99807
0.999545
1.00475
1.00614
1.00811
1.09461
1.09793
1.0675
1.07031
1.06423
1.06544
1.06187
1.06266
1.07018
1.06916
1.06485
1.04456
1.05744
1.05571
1.05222
1.05833
1.06861
1.07299
1.07584
1.08309
1.11526
1.09837
1.08326
1.0658
1.08502
1.08597
1.08358
1.08031
1.07229
1.06855
1.14708
1.13087
1.11678
1.0998
1.10079
1.10031
1.10153
1.10184
1.09989
1.09906
