1.5686
1.31125
1.14472
1.08282
1.03355
0.994766
0.972256
0.95783
0.95083
0.945527
1.52684
1.3771
1.31387
1.30929
1.30819
1.32319
1.32455
1.31623
1.31623
1.32161
1.48588
1.48623
1.49045
1.47424
1.48763
1.49711
1.49932
1.50713
1.50921
1.51217
1.64192
1.6469
1.60125
1.60547
1.59635
1.59815
1.59281
1.59399
1.60527
1.60373
1.59727
1.56684
1.58616
1.58357
1.57832
1.58749
1.60292
1.60949
1.61375
1.62463
1.67288
1.64756
1.62489
1.5987
1.62753
1.62896
1.62537
1.62046
1.60844
1.60282
1.72063
1.6963
1.67517
1.6497
1.65119
1.65046
1.65229
1.65275
1.64983
1.6486
