0
1.35384
1.18844
0.914733
0.755958
0.651698
0.567195
0.500168
0.44472
0.400306
0
0.645119
0.471516
0.334527
0.259257
0.218264
0.184505
0.164465
0.145327
0.130437
0
0.00350017
0.00538962
0.075453
0.0766065
0.0692928
0.0589195
0.0623168
0.0600014
0.0593287
0
0.0334503
0.169505
0.120073
0.0998599
0.0822009
0.0730003
0.0633277
0.0655964
0.0589651
0
0.133208
0.0926417
0.0711329
0.0570307
0.0732706
0.0939097
0.0836475
0.0747444
0.0794103
0
0.11365
0.126085
0.150432
0.152729
0.126214
0.107296
0.0931406
0.08549
0.0766171
0
0.156399
0.137773
0.136932
0.106289
0.089902
0.0761273
0.0661143
0.0599035
0.0564789
