-4.77898
-3.42514
-2.52992
-2.16861
-1.90511
-1.696
-1.56055
-1.46629
-1.40971
-1.36472
0.00203887
0.647158
0.936296
0.963592
0.955278
0.902082
0.905812
0.944763
0.953819
0.942957
1.75854
1.75504
1.76003
1.83539
1.78586
1.75605
1.74958
1.7138
1.68972
1.66443
1.53414
1.50069
1.66909
1.67627
1.71262
1.70218
1.7246
1.72829
1.69389
1.69977
2.19665
2.32986
2.27821
2.30593
2.32065
2.26408
2.19348
2.17392
2.16189
2.11903
1.7495
1.86315
1.97082
2.09198
1.99325
1.97378
1.96221
1.95581
1.9795
1.98433
1.82295
1.97935
2.0834
2.17963
2.1865
2.20997
2.21469
2.20973
2.22347
2.24133
