-6.27782
-6.01359
-5.84573
-5.78386
-5.73437
-5.69563
-5.67318
-5.65868
-5.65156
-5.64603
-5.46198
-5.3111
-5.24771
-5.24357
-5.24307
-5.25852
-5.26011
-5.25199
-5.25209
-5.25752
-5.08886
-5.0882
-5.09232
-5.07637
-5.08997
-5.09985
-5.10249
-5.11043
-5.11244
-5.11526
-5.13822
-5.14257
-5.09701
-5.10109
-5.09235
-5.09407
-5.08875
-5.08981
-5.10108
-5.09937
-4.98189
-4.95157
-4.97145
-4.96898
-4.96356
-4.97248
-4.98782
-4.99465
-4.99928
-5.01042
-5.11497
-5.09013
-5.06738
-5.04106
-5.06994
-5.07119
-5.06742
-5.06238
-5.05036
-5.04487
-5.07789
-5.05388
-5.03268
-5.00698
-5.00868
-5.00786
-5.00964
-5.01012
-5.00708
-5.00571
