0
0.00687594
0.00418516
0.00295946
0.00230297
0.00188089
0.00159069
0.00137976
0.00122248
0.00111605
0
0.00113415
0.000673146
0.000650381
0.000776826
0.00077766
0.000696523
0.000635262
0.000569309
0.000511736
0
0.00101159
0.000591623
0.000493353
0.000436962
0.000538211
0.000625929
0.00055672
0.000496853
0.000464872
0
0.000617388
0.000366317
0.000296982
0.000446933
0.000375129
0.000317953
0.000299626
0.000264645
0.00028901
0
0.000120448
0.000559035
0.000412703
0.000362377
0.000387333
0.000338862
0.000388892
0.000501807
0.000521752
0
0.00048241
0.00028976
0.000239374
0.000188662
0.000232584
0.000264075
0.000262322
0.000231423
0.00024819
0
0.00031656
0.000197605
0.000260246
0.000289138
0.000252112
0.000220933
0.000192097
0.000200716
0.000231759
