-4.70922
-4.70234
-4.70102
-4.70104
-4.70082
-4.70087
-4.70092
-4.70085
-4.70073
-4.70051
-3.93513
-3.934
-3.93384
-3.93429
-3.93488
-3.93533
-3.93556
-3.93576
-3.93586
-3.93591
-3.60298
-3.60196
-3.60187
-3.60213
-3.60234
-3.60275
-3.60318
-3.6033
-3.60323
-3.60309
-3.49629
-3.49568
-3.49576
-3.49562
-3.496
-3.49591
-3.49594
-3.49582
-3.4958
-3.49564
-3.38461
-3.38474
-3.38529
-3.38541
-3.38524
-3.38499
-3.3849
-3.38516
-3.38552
-3.38579
-3.44209
-3.44257
-3.44249
-3.44237
-3.4424
-3.44223
-3.44205
-3.44192
-3.44192
-3.44206
-3.35727
-3.35758
-3.35751
-3.35729
-3.35749
-3.35741
-3.35735
-3.35736
-3.35726
-3.35711
