-3.34781
-3.34827
-3.3484
-3.34854
-3.34853
-3.34879
-3.34865
-3.34846
-3.34821
-3.3483
-3.34833
-3.34827
-3.34812
-3.34802
-3.3478
-3.34785
-3.34786
-3.34784
-3.34792
-3.34796
-3.34796
-3.34793
-3.34801
-3.34801
-3.34801
-3.34806
-3.34813
-3.34815
-3.34812
-3.34811
-3.34809
-3.34803
-3.34796
-3.34788
-3.34777
-3.3477
-3.34765
-3.3476
-3.34757
-3.34757
-3.34755
-3.34749
-3.34746
-3.34742
-3.34736
-3.34733
-3.34732
-3.34738
-3.34743
-3.34741
-3.34738
-3.34734
-3.34732
-3.34727
-3.34724
-3.34723
-3.34724
-3.34726
-3.3473
-3.34732
-3.34735
-3.34737
-3.34742
-3.34744
-3.34746
-3.34748
-3.34752
-3.34754
-3.34756
-3.34757
-3.34756
-3.34757
-3.34758
-3.34763
-3.34767
-3.34775
-3.34778
-3.34778
-3.34778
-3.34775
-3.3477
-3.34769
-3.34771
-3.34771
-3.3477
-3.34769
-3.3477
-3.34772
-3.34773
-3.34772
-3.34773
-3.34773
-3.34769
-3.3477
-3.34771
-3.3477
-3.34771
-3.34773
-3.34777
-3.34778
