0
0.00568507
0.0325252
0.0233935
0.0181683
0.0153861
0.0130421
0.0150089
0.0143288
0.0167814
0.0169697
0.0221896
0.0204182
0.0197816
0.0184612
0.0175152
0.0190632
0.0183374
0.0174723
0.0167191
0.0169228
0.0173743
0.0166708
0.017778
0.0173185
0.016651
0.0160535
0.0157689
0.0154969
0.0151556
0.0147189
0.0144166
0.0139869
0.013641
0.0132543
0.0129699
0.0126263
0.0123149
0.0120019
0.0119353
0.0117229
0.0116422
0.0114605
0.0112018
0.010997
0.0109682
0.0107532
0.0105271
0.0103317
0.0101661
0.0101805
0.010043
0.00988749
0.00971813
0.0095449
0.00938161
0.00944144
0.00971071
0.00957547
0.00955267
0.00939579
0.00924629
0.0092266
0.00915883
0.00905223
0.00891605
0.00880764
0.00873766
0.00882094
0.00880275
0.0087349
0.00863534
0.00855506
0.00845209
0.00833973
0.00826035
0.00818154
0.00819923
0.00809479
0.0079953
0.00794923
0.00787287
0.00786709
0.00778249
0.00782091
0.0077705
0.00768464
0.00759767
0.00765704
0.00774558
0.0076607
0.00760237
0.00753433
0.0074811
0.00744574
0.00739615
0.00732282
0.00732182
0.007281
0.00720885
