2.24405
2.22741
2.31399
2.27264
2.23498
2.21586
2.19702
2.22557
2.23964
2.18731
2.15042
2.20994
2.21626
2.19306
2.18781
2.20103
2.17152
2.1706
2.17737
2.17946
2.16106
2.1338
2.12268
2.08894
2.07624
2.07716
2.07557
2.08229
2.0917
2.09912
2.10205
2.10756
2.10726
2.10984
2.10686
2.11211
2.11481
2.11221
2.11181
2.12308
2.13329
2.14676
2.15644
2.16067
2.16661
2.17564
2.17809
2.17752
2.17384
2.16971
2.17769
2.18376
2.18847
2.19212
2.19485
2.19851
2.20973
2.22423
2.226
2.22434
2.22852
2.23093
2.2256
2.22225
2.22173
2.22395
2.22762
2.2242
2.21662
2.21177
2.21762
2.22299
2.22223
2.22461
2.22369
2.21915
2.21586
2.21081
2.2123
2.21358
2.2109
2.21312
2.2179
2.22063
2.22785
2.23188
2.23117
2.23182
2.22646
2.22123
2.22342
2.22335
2.22373
2.22295
2.22174
2.22588
2.22718
2.22546
2.22456
2.22623
