0
0.0181291
0.0160172
0.0227631
0.0257174
0.0210796
0.0180303
0.0158271
0.0162162
0.0150267
0.0137648
0.0126035
0.0116955
0.0115561
0.0107586
0.0100733
0.00946889
0.00893568
0.00853947
0.00812686
0.0078127
0.00745354
0.00734388
0.00705314
0.0067806
0.00707308
0.00711354
0.00715273
0.00729879
0.00735295
0.00717832
0.00699901
0.00683271
0.00673616
0.00675782
0.00661008
0.00730958
0.00720657
0.00743893
0.00736269
0.00723693
0.0070626
0.00689652
0.00679683
0.00666893
0.00656894
0.00658607
0.00649886
0.00648099
0.00640594
0.00640913
0.00638025
0.00626752
0.0061922
0.00607965
0.0059923
0.00595054
0.00587684
0.00580967
0.005726
0.005633
0.00561269
0.00552673
0.00544161
0.00542168
0.00534481
0.00529588
0.00524273
0.00518362
0.0051114
0.00507916
0.00508361
0.00501785
0.00498365
0.00492761
0.00492731
0.0048629
0.0048023
0.00475266
0.00470751
0.00467576
0.00462168
0.00457057
0.0045159
0.00447317
0.00447598
0.00442424
0.00440512
0.00437699
0.00436568
0.00436517
0.00436464
0.00432877
0.00429529
0.00425024
0.00420775
0.0041714
0.00420474
0.00417289
0.00414909
