0
0.0266356
0.0238466
0.034254
0.0386888
0.0316964
0.0271366
0.023839
0.0244175
0.0225826
0.0206906
0.0189518
0.0175817
0.0173782
0.0161798
0.0151499
0.0142405
0.0134402
0.0128454
0.0122294
0.0117417
0.0111997
0.0110545
0.0106119
0.0101933
0.0106654
0.0107621
0.0108443
0.0110573
0.0111341
0.010866
0.0105995
0.0103419
0.0102005
0.010258
0.0100459
0.0110309
0.0108719
0.011229
0.0111178
0.0109305
0.0106673
0.0104173
0.0102571
0.0100696
0.00990708
0.00990965
0.00978624
0.00974457
0.00963946
0.009634
0.00958354
0.00941473
0.00930302
0.00913322
0.00900403
0.00894903
0.00884217
0.00873806
0.0086141
0.00847481
0.00844137
0.00831183
0.00818439
0.00815865
0.00804621
0.00796603
0.00789227
0.00780815
0.00770343
0.00766901
0.00768879
0.00758608
0.00754249
0.00746026
0.00745846
0.00736099
0.00726856
0.00719526
0.00712783
0.00708021
0.00699866
0.00692285
0.00683997
0.006773
0.00677291
0.00669463
0.00666465
0.0066212
0.00660668
0.00660186
0.00660074
0.00654517
0.00649158
0.00642302
0.00635978
0.00630413
0.00635462
0.00630613
0.00627244
