-3.44203
-3.44259
-3.44255
-3.44235
-3.44242
-3.44225
-3.44208
-3.44196
-3.44192
-3.44207
-3.4421
-3.44219
-3.44222
-3.44219
-3.44226
-3.44224
-3.44223
-3.44227
-3.44226
-3.4422
-3.4421
-3.44203
-3.44194
-3.44188
-3.44174
-3.44165
-3.44151
-3.44141
-3.44139
-3.44141
-3.44139
-3.44134
-3.44131
-3.44126
-3.44114
-3.44103
-3.44093
-3.44092
-3.44096
-3.44099
-3.44102
-3.44104
-3.44096
-3.44089
-3.44082
-3.44073
-3.44063
-3.44057
-3.44049
-3.44043
-3.44039
-3.44035
-3.44034
-3.44033
-3.44028
-3.44026
-3.44021
-3.44017
-3.44014
-3.44011
-3.44009
-3.4401
-3.44011
-3.44009
-3.44006
-3.43999
-3.43993
-3.43987
-3.43981
-3.4397
-3.43959
-3.43951
-3.43942
-3.43934
-3.4393
-3.4393
-3.43929
-3.43927
-3.43924
-3.43923
-3.43924
-3.43922
-3.43919
-3.43917
-3.4392
-3.43922
-3.43922
-3.43922
-3.43922
-3.4392
-3.43918
-3.43918
-3.4392
-3.43923
-3.43928
-3.43931
-3.43932
-3.43933
-3.43933
-3.43936
