1.67367
1.64648
1.62829
1.59867
1.62676
1.62953
1.62537
1.62149
1.60911
1.60322
1.60648
1.60795
1.60564
1.59958
1.59974
1.59908
1.59961
1.60019
1.59837
1.5974
1.5991
1.59948
1.5968
1.59763
1.59832
1.59419
1.59108
1.58802
1.58446
1.58758
1.58905
1.58781
1.58904
1.58724
1.58469
1.58357
1.58878
1.59051
1.5942
1.59612
1.59747
1.59752
1.59745
1.59879
1.59793
1.5991
1.60126
1.60003
1.60186
1.6006
1.60252
1.60417
1.60368
1.6026
1.60277
1.602
1.60069
1.5998
1.60073
1.60013
1.59993
1.59859
1.59828
1.59806
1.59681
1.59644
1.5973
1.59653
1.59589
1.59566
1.5947
1.59339
1.59371
1.59283
1.59234
1.59354
1.59353
1.59375
1.59325
1.59269
1.59344
1.59318
1.59286
1.5929
1.59244
1.59139
1.5914
1.59219
1.59154
1.59068
1.59165
1.59261
1.59214
1.59164
1.59155
1.59175
1.59138
1.59257
1.59302
1.5936
