0
0.000558048
0.000324588
0.000303185
0.000246502
0.00026521
0.000281887
0.000273998
0.000244367
0.000263608
0.000240872
0.000236685
0.000219753
0.000205761
0.000204003
0.000191681
0.000180312
0.000174138
0.000165239
0.000167604
0.000188389
0.000193036
0.000202529
0.00020383
0.00023896
0.000247159
0.00027436
0.000284801
0.000275077
0.00026604
0.000257659
0.000254868
0.00024971
0.000245948
0.00026757
0.000284957
0.000293777
0.000286167
0.000281711
0.000276704
0.000271533
0.000265493
0.000271817
0.00027355
0.000275771
0.000285614
0.000296043
0.000296886
0.000299732
0.000299801
0.000297398
0.00029407
0.00028865
0.00028359
0.000281549
0.000277553
0.000277953
0.000276184
0.00027271
0.000269586
0.000266264
0.000262321
0.000258199
0.000255015
0.000252913
0.000257365
0.000260285
0.000264034
0.000266809
0.000284904
0.00030216
0.000309209
0.000317585
0.000321865
0.000320299
0.000316069
0.000312076
0.000308864
0.000306408
0.000303024
0.000299469
0.00029602
0.000294597
0.000291562
0.000289596
0.000286788
0.000283477
0.000280243
0.000277097
0.000275315
0.000272956
0.000270035
0.00026753
0.000267119
0.000268375
0.000267351
0.000264745
0.000262202
0.000259543
0.00025848
