0
0.0271937
0.0240258
0.0341446
0.0385762
0.0316194
0.0270455
0.0237407
0.0243243
0.0225401
0.0206472
0.0189053
0.0175432
0.0173341
0.0161379
0.0151099
0.0142033
0.0134035
0.0128092
0.0121903
0.011719
0.0111803
0.0110158
0.0105797
0.0101709
0.0106096
0.0106703
0.0107291
0.0109482
0.0110294
0.0107675
0.0104985
0.0102491
0.0101042
0.0101367
0.00991512
0.0109644
0.0108099
0.0111584
0.011044
0.0108554
0.0105939
0.0103448
0.0101952
0.0100034
0.00985341
0.00987911
0.0097483
0.00972148
0.00960891
0.0096137
0.00957037
0.00940128
0.0092883
0.00911947
0.00898845
0.00892581
0.00881526
0.0087145
0.008589
0.0084495
0.00841903
0.0082901
0.00816242
0.00813253
0.00801721
0.00794383
0.0078641
0.00777543
0.0076671
0.00761874
0.00762541
0.00752678
0.00747547
0.00739141
0.00739097
0.00729436
0.00720344
0.00712899
0.00706126
0.00701365
0.00693252
0.00685585
0.00677384
0.00670975
0.00671397
0.00663636
0.00660768
0.00656548
0.00654851
0.00654776
0.00654696
0.00649315
0.00644294
0.00637536
0.00631163
0.00625709
0.00630711
0.00625933
0.00622363
