-5.1157
-5.08907
-5.07084
-5.04102
-5.06918
-5.07179
-5.06745
-5.06345
-5.05103
-5.04529
-5.04858
-5.05014
-5.04786
-5.04177
-5.042
-5.04132
-5.04185
-5.04246
-5.04062
-5.0396
-5.0412
-5.04151
-5.03874
-5.03951
-5.04006
-5.03584
-5.0326
-5.02943
-5.02585
-5.02899
-5.03044
-5.02915
-5.03034
-5.0285
-5.02583
-5.02459
-5.02971
-5.03142
-5.03516
-5.03711
-5.03849
-5.03856
-5.03841
-5.03968
-5.03875
-5.03983
-5.04189
-5.0406
-5.04236
-5.04103
-5.04291
-5.04453
-5.04402
-5.04292
-5.04305
-5.04226
-5.04089
-5.03997
-5.04087
-5.04024
-5.04001
-5.03869
-5.03839
-5.03815
-5.03687
-5.03643
-5.03723
-5.0364
-5.0357
-5.03536
-5.03429
-5.0329
-5.03312
-5.03218
-5.03164
-5.03284
-5.03283
-5.03302
-5.03249
-5.03192
-5.03268
-5.03241
-5.03205
-5.03207
-5.03164
-5.03061
-5.03062
-5.03141
-5.03076
-5.02988
-5.03082
-5.03179
-5.03133
-5.03087
-5.03083
-5.03106
-5.0307
-5.0319
-5.03235
-5.03296
