1.11578
1.09765
1.08553
1.06578
1.0845
1.08636
1.08358
1.081
1.07274
1.06881
1.07099
1.07197
1.07042
1.06639
1.06649
1.06605
1.06641
1.0668
1.06558
1.06493
1.06607
1.06632
1.06453
1.06509
1.06555
1.06279
1.06072
1.05868
1.0563
1.05839
1.05936
1.05854
1.05936
1.05816
1.05646
1.05571
1.05919
1.06034
1.0628
1.06408
1.06498
1.06501
1.06497
1.06586
1.06529
1.06607
1.0675
1.06669
1.06791
1.06706
1.06835
1.06945
1.06912
1.0684
1.06851
1.068
1.06712
1.06653
1.06715
1.06676
1.06662
1.06573
1.06552
1.06538
1.06454
1.06429
1.06487
1.06435
1.06393
1.06377
1.06313
1.06226
1.06247
1.06189
1.06156
1.06236
1.06235
1.0625
1.06217
1.0618
1.06229
1.06212
1.06191
1.06193
1.06162
1.06092
1.06093
1.06146
1.06102
1.06045
1.0611
1.06174
1.06142
1.06109
1.06103
1.06116
1.06092
1.06171
1.06202
1.0624
